This is a log file, to avoid building file for action commit and push
finish updating
Sun Mar  8 23:19:22 UTC 2020
-------- git status ---------
On branch master
Your branch is up to date with 'origin/master'.

Changes not staged for commit:
  (use "git add <file>..." to update what will be committed)
  (use "git restore <file>..." to discard changes in working directory)
	modified:   action.log

no changes added to commit (use "git add" and/or "git commit -a")
Sun Mar  8 23:21:06 UTC 2020
-------- git status ---------
On branch master
Your branch is up to date with 'origin/master'.

Changes not staged for commit:
  (use "git add <file>..." to update what will be committed)
  (use "git restore <file>..." to discard changes in working directory)
	modified:   action.log

no changes added to commit (use "git add" and/or "git commit -a")
Sun Mar  8 23:22:01 UTC 2020
-------- git status ---------
On branch master
Your branch is up to date with 'origin/master'.

Changes not staged for commit:
  (use "git add <file>..." to update what will be committed)
  (use "git restore <file>..." to discard changes in working directory)
	modified:   action.log

no changes added to commit (use "git add" and/or "git commit -a")
Sun Mar  8 23:25:04 UTC 2020
-------- git status ---------
On branch master
Your branch is up to date with 'origin/master'.

Changes not staged for commit:
  (use "git add <file>..." to update what will be committed)
  (use "git restore <file>..." to discard changes in working directory)
	modified:   action.log

no changes added to commit (use "git add" and/or "git commit -a")
Sun Mar  8 23:25:51 UTC 2020
-------- git status ---------
On branch master
Your branch is up to date with 'origin/master'.

Changes not staged for commit:
  (use "git add <file>..." to update what will be committed)
  (use "git restore <file>..." to discard changes in working directory)
	modified:   action.log

no changes added to commit (use "git add" and/or "git commit -a")
Sun Mar  8 23:32:46 UTC 2020
-------- git status ---------
On branch master
Your branch is up to date with 'origin/master'.

Changes not staged for commit:
  (use "git add <file>..." to update what will be committed)
  (use "git restore <file>..." to discard changes in working directory)
	modified:   action.log

no changes added to commit (use "git add" and/or "git commit -a")
Sun Mar  8 23:34:23 UTC 2020
-------- git status ---------
On branch master
Your branch is up to date with 'origin/master'.

Changes not staged for commit:
  (use "git add <file>..." to update what will be committed)
  (use "git restore <file>..." to discard changes in working directory)
	modified:   action.log

no changes added to commit (use "git add" and/or "git commit -a")
Sun Mar  8 23:44:11 UTC 2020
-------- git status ---------
On branch master
Your branch is up to date with 'origin/master'.

Changes not staged for commit:
  (use "git add <file>..." to update what will be committed)
  (use "git restore <file>..." to discard changes in working directory)
	modified:   action.log

no changes added to commit (use "git add" and/or "git commit -a")
Sun Mar  8 23:45:20 UTC 2020
-------- git status ---------
On branch master
Your branch is up to date with 'origin/master'.

Changes not staged for commit:
  (use "git add <file>..." to update what will be committed)
  (use "git restore <file>..." to discard changes in working directory)
	modified:   action.log

no changes added to commit (use "git add" and/or "git commit -a")
Sun Mar  8 23:54:28 UTC 2020
-------- git status ---------
On branch master
Your branch is up to date with 'origin/master'.

Changes not staged for commit:
  (use "git add <file>..." to update what will be committed)
  (use "git restore <file>..." to discard changes in working directory)
	modified:   action.log

no changes added to commit (use "git add" and/or "git commit -a")
Mon Mar  9 00:24:00 UTC 2020
-------- git status ---------
On branch master
Your branch is up to date with 'origin/master'.

Changes not staged for commit:
  (use "git add <file>..." to update what will be committed)
  (use "git restore <file>..." to discard changes in working directory)
	modified:   _data/conferences.yml
	modified:   action.log
	modified:   conferences.csv

no changes added to commit (use "git add" and/or "git commit -a")
Mon Mar  9 00:34:04 UTC 2020
-------- git status ---------
On branch master
Your branch is up to date with 'origin/master'.

Changes not staged for commit:
  (use "git add <file>..." to update what will be committed)
  (use "git restore <file>..." to discard changes in working directory)
	modified:   action.log

no changes added to commit (use "git add" and/or "git commit -a")
Mon Mar  9 00:43:59 UTC 2020
-------- git status ---------
On branch master
Your branch is up to date with 'origin/master'.

Changes not staged for commit:
  (use "git add <file>..." to update what will be committed)
  (use "git restore <file>..." to discard changes in working directory)
	modified:   action.log

no changes added to commit (use "git add" and/or "git commit -a")
Mon Mar  9 00:53:59 UTC 2020
-------- git status ---------
On branch master
Your branch is up to date with 'origin/master'.

Changes not staged for commit:
  (use "git add <file>..." to update what will be committed)
  (use "git restore <file>..." to discard changes in working directory)
	modified:   action.log

no changes added to commit (use "git add" and/or "git commit -a")
Mon Mar  9 01:08:09 UTC 2020
-------- git status ---------
On branch master
Your branch is up to date with 'origin/master'.

Changes not staged for commit:
  (use "git add <file>..." to update what will be committed)
  (use "git restore <file>..." to discard changes in working directory)
	modified:   _data/conferences.yml
	modified:   action.log
	modified:   conferences.csv

no changes added to commit (use "git add" and/or "git commit -a")
Mon Mar  9 01:17:05 UTC 2020
-------- git status ---------
On branch master
Your branch is up to date with 'origin/master'.

Changes not staged for commit:
  (use "git add <file>..." to update what will be committed)
  (use "git restore <file>..." to discard changes in working directory)
	modified:   action.log

no changes added to commit (use "git add" and/or "git commit -a")
Mon Mar  9 01:26:03 UTC 2020
-------- git status ---------
On branch master
Your branch is up to date with 'origin/master'.

Changes not staged for commit:
  (use "git add <file>..." to update what will be committed)
  (use "git restore <file>..." to discard changes in working directory)
	modified:   _data/conferences.yml
	modified:   action.log
	modified:   conferences.csv

no changes added to commit (use "git add" and/or "git commit -a")
Mon Mar  9 01:35:03 UTC 2020
-------- git status ---------
On branch master
Your branch is up to date with 'origin/master'.

Changes not staged for commit:
  (use "git add <file>..." to update what will be committed)
  (use "git restore <file>..." to discard changes in working directory)
	modified:   _data/conferences.yml
	modified:   action.log
	modified:   conferences.csv

no changes added to commit (use "git add" and/or "git commit -a")
Mon Mar  9 01:44:01 UTC 2020
-------- git status ---------
On branch master
Your branch is up to date with 'origin/master'.

Changes not staged for commit:
  (use "git add <file>..." to update what will be committed)
  (use "git restore <file>..." to discard changes in working directory)
	modified:   _data/conferences.yml
	modified:   action.log
	modified:   conferences.csv

no changes added to commit (use "git add" and/or "git commit -a")
Mon Mar  9 01:54:05 UTC 2020
-------- git status ---------
On branch master
Your branch is up to date with 'origin/master'.

Changes not staged for commit:
  (use "git add <file>..." to update what will be committed)
  (use "git restore <file>..." to discard changes in working directory)
	modified:   _data/conferences.yml
	modified:   action.log
	modified:   conferences.csv

no changes added to commit (use "git add" and/or "git commit -a")
Mon Mar  9 02:07:46 UTC 2020
-------- git status ---------
On branch master
Your branch is up to date with 'origin/master'.

Changes not staged for commit:
  (use "git add <file>..." to update what will be committed)
  (use "git restore <file>..." to discard changes in working directory)
	modified:   _data/conferences.yml
	modified:   action.log
	modified:   conferences.csv

no changes added to commit (use "git add" and/or "git commit -a")
Mon Mar  9 04:07:48 UTC 2020
-------- git status ---------
On branch master
Your branch is up to date with 'origin/master'.

Changes not staged for commit:
  (use "git add <file>..." to update what will be committed)
  (use "git restore <file>..." to discard changes in working directory)
	modified:   action.log

no changes added to commit (use "git add" and/or "git commit -a")
Mon Mar  9 04:16:45 UTC 2020
-------- git status ---------
On branch master
Your branch is up to date with 'origin/master'.

Changes not staged for commit:
  (use "git add <file>..." to update what will be committed)
  (use "git restore <file>..." to discard changes in working directory)
	modified:   _data/conferences.yml
	modified:   action.log
	modified:   conferences.csv

no changes added to commit (use "git add" and/or "git commit -a")
Mon Mar  9 04:25:38 UTC 2020
-------- git status ---------
On branch master
Your branch is up to date with 'origin/master'.

Changes not staged for commit:
  (use "git add <file>..." to update what will be committed)
  (use "git restore <file>..." to discard changes in working directory)
	modified:   action.log

no changes added to commit (use "git add" and/or "git commit -a")
Mon Mar  9 04:34:20 UTC 2020
-------- git status ---------
On branch master
Your branch is up to date with 'origin/master'.

Changes not staged for commit:
  (use "git add <file>..." to update what will be committed)
  (use "git restore <file>..." to discard changes in working directory)
	modified:   action.log

no changes added to commit (use "git add" and/or "git commit -a")
Mon Mar  9 04:44:11 UTC 2020
-------- git status ---------
On branch master
Your branch is up to date with 'origin/master'.

Changes not staged for commit:
  (use "git add <file>..." to update what will be committed)
  (use "git restore <file>..." to discard changes in working directory)
	modified:   action.log

no changes added to commit (use "git add" and/or "git commit -a")
Mon Mar  9 04:54:13 UTC 2020
-------- git status ---------
On branch master
Your branch is up to date with 'origin/master'.

Changes not staged for commit:
  (use "git add <file>..." to update what will be committed)
  (use "git restore <file>..." to discard changes in working directory)
	modified:   action.log

no changes added to commit (use "git add" and/or "git commit -a")
Mon Mar  9 05:07:48 UTC 2020
-------- git status ---------
On branch master
Your branch is up to date with 'origin/master'.

Changes not staged for commit:
  (use "git add <file>..." to update what will be committed)
  (use "git restore <file>..." to discard changes in working directory)
	modified:   action.log

no changes added to commit (use "git add" and/or "git commit -a")
Mon Mar  9 05:16:46 UTC 2020
-------- git status ---------
On branch master
Your branch is up to date with 'origin/master'.

Changes not staged for commit:
  (use "git add <file>..." to update what will be committed)
  (use "git restore <file>..." to discard changes in working directory)
	modified:   action.log

no changes added to commit (use "git add" and/or "git commit -a")
Mon Mar  9 05:25:46 UTC 2020
-------- git status ---------
On branch master
Your branch is up to date with 'origin/master'.

Changes not staged for commit:
  (use "git add <file>..." to update what will be committed)
  (use "git restore <file>..." to discard changes in working directory)
	modified:   action.log

no changes added to commit (use "git add" and/or "git commit -a")
Mon Mar  9 05:34:51 UTC 2020
-------- git status ---------
On branch master
Your branch is up to date with 'origin/master'.

Changes not staged for commit:
  (use "git add <file>..." to update what will be committed)
  (use "git restore <file>..." to discard changes in working directory)
	modified:   action.log

no changes added to commit (use "git add" and/or "git commit -a")
Mon Mar  9 05:44:18 UTC 2020
-------- git status ---------
On branch master
Your branch is up to date with 'origin/master'.

Changes not staged for commit:
  (use "git add <file>..." to update what will be committed)
  (use "git restore <file>..." to discard changes in working directory)
	modified:   action.log

no changes added to commit (use "git add" and/or "git commit -a")
Mon Mar  9 05:54:18 UTC 2020
